Generation output:

C:\MagicXPA412\Projects\HondaCKD\output\HondaCKD>echo off 
copying files



C:\MagicXPA412\Projects\HondaCKD\output\HondaCKD>echo off 
generating components
[V-CLI] cmd.exe /c ng g @magic-xpa/cli:magic
[>]  ********************************* START    GENERATE *********************************
   Number of modules to be check for generate: 1
[>]           ******    Start Web Module name : []    *******
*** Step 1: Loading JSON files ***
[>] Loading JSON file .//magic-metadata/CKDPM020PartsPackingMaster/ContainerDetails/CaseDetails/CartonDetails/PartDetails/PARTSDETAILS.json
*** Step 2: Processing JSON files -  (1 components) ***
[>] Processing JSON file for component PARTSDETAILS
*** Step 3: generate components. (1 components) ***
[>] generate component PARTSDETAILS
[>] Step 4: components-list.
[>]  ********************************* E N D    GENERATE *********************************
[36mUPDATE[39m src/app/magic/CKDPM020PartsPackingMaster/ContainerDetails/CaseDetails/CartonDetails/PartDetails/PARTSDETAILS.mg.controls.g.ts (4627 bytes)
[36mUPDATE[39m src/app/magic/CKDPM020PartsPackingMaster/ContainerDetails/CaseDetails/CartonDetails/PartDetails/PARTSDETAILS.component.ts (2303 bytes)
[36mUPDATE[39m src/app/magic/CKDPM020PartsPackingMaster/ContainerDetails/CaseDetails/CartonDetails/PartDetails/PARTSDETAILS.component.html (26244 bytes)



Generation warnings/errors:
